✔ ecpay callback marks order paid and occupies schedule seats (2.970151ms)
✔ ecpay callback is idempotent for paid order (0.771836ms)
✔ ecpay callback replay on confirmed order is noop with explicit replay audit (0.726675ms)
✔ ecpay callback rejects owner email mismatch (1.695674ms)
✔ ecpay callback remains idempotent under replay collision (different tradeNo) (4.188215ms)
✔ ecpay callback rejects illegal one-way transition from cancelled (0.899098ms)
✔ me/orders list and detail work on fallback store (2.971841ms)
All Available Slots API tests completed!
✔ isValidUuid accepts valid UUIDs (1.866988ms)
✔ isValidUuid rejects invalid UUIDs (2.385479ms)
✔ isValidDateString accepts valid dates (0.50112ms)
✔ isValidDateString rejects invalid dates (0.286236ms)
✔ isValidTimezone accepts valid timezones (401.303912ms)
✔ isValidTimezone rejects invalid timezones (0.47541ms)
✔ parseAndValidateParams validates all required params (0.757795ms)
✔ parseAndValidateParams validates date range order (0.267345ms)
✔ parseAndValidateParams enforces 31-day limit (0.301876ms)
✔ parseAndValidateParams validates participants (0.896008ms)
✔ parseAndValidateParams accepts valid params with default participants (0.50384ms)
✔ parseAndValidateParams accepts valid params with custom participants (0.457709ms)
✔ parseAndValidateParams validates activityId (0.259325ms)
✔ successV2 response format matches API spec (0.283256ms)
✔ errorV2 response format matches API spec (0.222815ms)
All Booking Draft + Checkout API tests completed!
✔ isValidUuid accepts valid UUIDs (1.875518ms)
✔ isValidUuid rejects invalid UUIDs (0.202074ms)
✔ isValidISODateTime accepts valid ISO date times (0.204615ms)
✔ isValidISODateTime rejects invalid date times (0.174833ms)
✔ isValidEmail accepts valid emails (0.299316ms)
✔ isValidEmail rejects invalid emails (0.166233ms)
✔ isValidPhone accepts valid phone numbers (0.278946ms)
✔ isValidPhone rejects invalid phone numbers (0.227895ms)
✔ parseAndValidateDraftBody requires activityId (0.630523ms)
✔ parseAndValidateDraftBody requires planId (0.355837ms)
✔ parseAndValidateDraftBody requires startAt (0.216744ms)
✔ parseAndValidateDraftBody requires timezone (0.169873ms)
✔ parseAndValidateDraftBody validates participants is positive integer (25.495379ms)
✔ parseAndValidateDraftBody requires contactName (0.604523ms)
✔ parseAndValidateDraftBody requires contactPhone (0.302276ms)
✔ parseAndValidateDraftBody requires contactEmail (0.290136ms)
✔ parseAndValidateDraftBody validates sourceChannel (0.256395ms)
✔ parseAndValidateDraftBody accepts valid complete request (0.279495ms)
✔ parseAndValidateDraftBody defaults sourceChannel to web (0.258085ms)
✔ parseAndValidateDraftBody accepts line sourceChannel (0.326537ms)
✔ parseAndValidateDraftBody accepts admin_pos sourceChannel (0.320277ms)
✔ successV2 booking draft response format matches API spec (0.299277ms)
✔ successV2 checkout response format matches API spec (0.151003ms)
✔ errorV2 response format matches API spec (0.213624ms)
✔ valid booking statuses (0.201924ms)
✔ valid order statuses (0.191614ms)
✔ valid payment statuses (0.128192ms)
✔ isReusableCheckoutPayment only allows pending-like statuses (0.129952ms)
✔ findReusableCheckoutPayment picks reusable payment from latest-first list (0.181024ms)
✔ findReusableCheckoutPayment rejects non-reusable or malformed payments (0.122783ms)
✔ checkout requires valid bookingId (0.102142ms)
✔ valid payment providers (0.124882ms)
✔ generateMerchantTradeNo creates valid trade number (0.185044ms)
ℹ tests 55
ℹ suites 0
ℹ pass 55
ℹ fail 0
ℹ cancelled 0
ℹ skipped 0
ℹ todo 0
ℹ duration_ms 898.940034
