✔ ecpay callback marks order paid and occupies schedule seats (3.459728ms)
✔ ecpay callback is idempotent for paid order (1.02739ms)
✔ ecpay callback replay on confirmed order is noop with explicit replay audit (0.98378ms)
✔ ecpay callback rejects owner email mismatch (1.51503ms)
✔ ecpay callback remains idempotent under replay collision (different tradeNo) (1.00185ms)
✔ ecpay callback rejects illegal one-way transition from cancelled (4.006539ms)
✔ me/orders list and detail work on fallback store (3.771005ms)
All Available Slots API tests completed!
✔ isValidUuid accepts valid UUIDs (1.829876ms)
✔ isValidUuid rejects invalid UUIDs (1.313906ms)
✔ isValidDateString accepts valid dates (0.433578ms)
✔ isValidDateString rejects invalid dates (0.244025ms)
✔ isValidTimezone accepts valid timezones (35.332189ms)
✔ isValidTimezone rejects invalid timezones (5.784405ms)
✔ parseAndValidateParams validates all required params (0.897028ms)
✔ parseAndValidateParams validates date range order (0.318156ms)
✔ parseAndValidateParams enforces 31-day limit (0.331647ms)
✔ parseAndValidateParams validates participants (1.397318ms)
✔ parseAndValidateParams accepts valid params with default participants (0.53312ms)
✔ parseAndValidateParams accepts valid params with custom participants (0.444198ms)
✔ parseAndValidateParams validates activityId (0.288205ms)
✔ successV2 response format matches API spec (5.374357ms)
✔ errorV2 response format matches API spec (0.460479ms)
All Booking Draft + Checkout API tests completed!
✔ isValidUuid accepts valid UUIDs (1.817106ms)
✔ isValidUuid rejects invalid UUIDs (0.193174ms)
✔ isValidISODateTime accepts valid ISO date times (0.203414ms)
✔ isValidISODateTime rejects invalid date times (0.176233ms)
✔ isValidEmail accepts valid emails (0.276106ms)
✔ isValidEmail rejects invalid emails (0.159633ms)
✔ isValidPhone accepts valid phone numbers (0.286876ms)
✔ isValidPhone rejects invalid phone numbers (0.164723ms)
✔ parseAndValidateDraftBody requires activityId (0.562681ms)
✔ parseAndValidateDraftBody requires planId (0.405698ms)
✔ parseAndValidateDraftBody requires startAt (0.226504ms)
✔ parseAndValidateDraftBody requires timezone (0.170804ms)
✔ parseAndValidateDraftBody validates participants is positive integer (22.964675ms)
✔ parseAndValidateDraftBody requires contactName (0.583502ms)
✔ parseAndValidateDraftBody requires contactPhone (0.380378ms)
✔ parseAndValidateDraftBody requires contactEmail (0.335256ms)
✔ parseAndValidateDraftBody validates sourceChannel (0.325576ms)
✔ parseAndValidateDraftBody accepts valid complete request (0.302376ms)
✔ parseAndValidateDraftBody defaults sourceChannel to web (0.259155ms)
✔ parseAndValidateDraftBody accepts line sourceChannel (0.279685ms)
✔ parseAndValidateDraftBody accepts admin_pos sourceChannel (0.368867ms)
✔ successV2 booking draft response format matches API spec (0.208994ms)
✔ successV2 checkout response format matches API spec (0.145822ms)
✔ errorV2 response format matches API spec (0.149173ms)
✔ valid booking statuses (0.134742ms)
✔ valid order statuses (0.125882ms)
✔ valid payment statuses (0.129873ms)
✔ isReusableCheckoutPayment only allows pending-like statuses (0.132343ms)
✔ findReusableCheckoutPayment picks reusable payment from latest-first list (0.180454ms)
✔ findReusableCheckoutPayment rejects non-reusable or malformed payments (0.120852ms)
✔ checkout requires valid bookingId (0.105532ms)
✔ valid payment providers (0.123563ms)
✔ generateMerchantTradeNo creates valid trade number (0.181774ms)
ℹ tests 55
ℹ suites 0
ℹ pass 55
ℹ fail 0
ℹ cancelled 0
ℹ skipped 0
ℹ todo 0
ℹ duration_ms 332.315814
