✖ route contract keeps web/line/admin_pos channels (regression guard) (4.486969ms)
✔ Admin POS draft flow keeps create-order envelope shape (2.778965ms)
✔ LINE draft flow regression stays mockable without real LINE API (0.469279ms)
✖ admin POS manual payment route exists and writes shared primitives only (6.164982ms)
✖ manual payment route keeps availability refresh integration through admin order update path (5.037389ms)
ℹ tests 5
ℹ suites 0
ℹ pass 2
ℹ fail 3
ℹ cancelled 0
ℹ skipped 0
ℹ todo 0
ℹ duration_ms 97.136271

✖ failing tests:

test at apps/web/tests/api/v2-admin-pos-line-regression.test.mjs:51:1
✖ route contract keeps web/line/admin_pos channels (regression guard) (4.486969ms)
  Error: ENOENT: no such file or directory, open '/root/.openclaw/workspace/tour-platform/app/api/v2/bookings/draft/route.ts'
      at async open (node:internal/fs/promises:637:25)
      at async readFile (node:internal/fs/promises:1269:14)
      at async TestContext.<anonymous> (file:///root/.openclaw/workspace/tour-platform/apps/web/tests/api/v2-admin-pos-line-regression.test.mjs:52:15)
      at async Test.run (node:internal/test_runner/test:1125:7)
      at async startSubtestAfterBootstrap (node:internal/test_runner/harness:358:3) {
    errno: -2,
    code: 'ENOENT',
    syscall: 'open',
    path: '/root/.openclaw/workspace/tour-platform/app/api/v2/bookings/draft/route.ts'
  }

test at apps/web/tests/api/v2-admin-pos-manual-payment-regression.test.mjs:12:1
✖ admin POS manual payment route exists and writes shared primitives only (6.164982ms)
  Error: ENOENT: no such file or directory, open '/root/.openclaw/workspace/tour-platform/app/api/v2/admin/pos/bookings/[bookingId]/manual-payment/route.ts'
      at async open (node:internal/fs/promises:637:25)
      at async readFile (node:internal/fs/promises:1269:14)
      at async TestContext.<anonymous> (file:///root/.openclaw/workspace/tour-platform/apps/web/tests/api/v2-admin-pos-manual-payment-regression.test.mjs:13:15)
      at async Test.run (node:internal/test_runner/test:1125:7)
      at async startSubtestAfterBootstrap (node:internal/test_runner/harness:358:3) {
    errno: -2,
    code: 'ENOENT',
    syscall: 'open',
    path: '/root/.openclaw/workspace/tour-platform/app/api/v2/admin/pos/bookings/[bookingId]/manual-payment/route.ts'
  }

test at apps/web/tests/api/v2-admin-pos-manual-payment-regression.test.mjs:23:1
✖ manual payment route keeps availability refresh integration through admin order update path (5.037389ms)
  Error: ENOENT: no such file or directory, open '/root/.openclaw/workspace/tour-platform/app/api/v2/admin/pos/bookings/[bookingId]/manual-payment/route.ts'
      at async open (node:internal/fs/promises:637:25)
      at async readFile (node:internal/fs/promises:1269:14)
      at async TestContext.<anonymous> (file:///root/.openclaw/workspace/tour-platform/apps/web/tests/api/v2-admin-pos-manual-payment-regression.test.mjs:24:15)
      at async Test.run (node:internal/test_runner/test:1125:7)
      at async Test.processPendingSubtests (node:internal/test_runner/test:787:7) {
    errno: -2,
    code: 'ENOENT',
    syscall: 'open',
    path: '/root/.openclaw/workspace/tour-platform/app/api/v2/admin/pos/bookings/[bookingId]/manual-payment/route.ts'
  }
