✖ admin POS order detail timeline route exists and uses shared primitives (3.900038ms)
ℹ tests 1
ℹ suites 0
ℹ pass 0
ℹ fail 1
ℹ cancelled 0
ℹ skipped 0
ℹ todo 0
ℹ duration_ms 77.82891

✖ failing tests:

test at apps/web/tests/api/v2-admin-pos-detail-timeline-regression.test.mjs:12:1
✖ admin POS order detail timeline route exists and uses shared primitives (3.900038ms)
  Error: ENOENT: no such file or directory, open '/root/.openclaw/workspace/tour-platform/app/api/v2/admin/pos/bookings/[bookingId]/route.ts'
      at async open (node:internal/fs/promises:637:25)
      at async readFile (node:internal/fs/promises:1269:14)
      at async TestContext.<anonymous> (file:///root/.openclaw/workspace/tour-platform/apps/web/tests/api/v2-admin-pos-detail-timeline-regression.test.mjs:13:15)
      at async Test.run (node:internal/test_runner/test:1125:7)
      at async startSubtestAfterBootstrap (node:internal/test_runner/harness:358:3) {
    errno: -2,
    code: 'ENOENT',
    syscall: 'open',
    path: '/root/.openclaw/workspace/tour-platform/app/api/v2/admin/pos/bookings/[bookingId]/route.ts'
  }
