✔ ecpay callback marks order paid and occupies schedule seats (2.388357ms)
✔ ecpay callback is idempotent for paid order (0.557391ms)
✔ ecpay callback replay on confirmed order is noop with explicit replay audit (0.788865ms)
✔ ecpay callback rejects owner email mismatch (0.969469ms)
✔ ecpay callback remains idempotent under replay collision (different tradeNo) (0.630253ms)
✔ ecpay callback rejects illegal one-way transition from cancelled (0.49189ms)
✔ me/orders list and detail work on fallback store (2.209593ms)
All Available Slots API tests completed!
✔ isValidUuid accepts valid UUIDs (2.364407ms)
✔ isValidUuid rejects invalid UUIDs (2.279315ms)
✔ isValidDateString accepts valid dates (3.754054ms)
✔ isValidDateString rejects invalid dates (0.366827ms)
✔ isValidTimezone accepts valid timezones (206.453094ms)
✔ isValidTimezone rejects invalid timezones (1.666622ms)
✔ parseAndValidateParams validates all required params (1.146852ms)
✔ parseAndValidateParams validates date range order (0.421008ms)
✔ parseAndValidateParams enforces 31-day limit (0.440399ms)
✔ parseAndValidateParams validates participants (1.199264ms)
✔ parseAndValidateParams accepts valid params with default participants (0.616402ms)
✔ parseAndValidateParams accepts valid params with custom participants (0.486539ms)
✔ parseAndValidateParams validates activityId (0.316416ms)
✔ successV2 response format matches API spec (0.353767ms)
✔ errorV2 response format matches API spec (0.335096ms)
All Booking Draft + Checkout API tests completed!
✔ isValidUuid accepts valid UUIDs (1.836177ms)
✔ isValidUuid rejects invalid UUIDs (0.203634ms)
✔ isValidISODateTime accepts valid ISO date times (0.199034ms)
✔ isValidISODateTime rejects invalid date times (0.202304ms)
✔ isValidEmail accepts valid emails (0.287736ms)
✔ isValidEmail rejects invalid emails (0.158693ms)
✔ isValidPhone accepts valid phone numbers (0.300126ms)
✔ isValidPhone rejects invalid phone numbers (0.187893ms)
✔ parseAndValidateDraftBody requires activityId (0.582012ms)
✔ parseAndValidateDraftBody requires planId (0.434609ms)
✔ parseAndValidateDraftBody requires startAt (0.231495ms)
✔ parseAndValidateDraftBody requires timezone (0.168853ms)
✔ parseAndValidateDraftBody validates participants is positive integer (35.986352ms)
✔ parseAndValidateDraftBody requires contactName (0.736095ms)
✔ parseAndValidateDraftBody requires contactPhone (0.525421ms)
✔ parseAndValidateDraftBody requires contactEmail (0.469729ms)
✔ parseAndValidateDraftBody validates sourceChannel (0.438678ms)
✔ parseAndValidateDraftBody accepts valid complete request (0.4974ms)
✔ parseAndValidateDraftBody defaults sourceChannel to web (0.428119ms)
✔ parseAndValidateDraftBody accepts line sourceChannel (0.447079ms)
✔ parseAndValidateDraftBody accepts admin_pos sourceChannel (0.405238ms)
✔ successV2 booking draft response format matches API spec (0.305516ms)
✔ successV2 checkout response format matches API spec (0.258785ms)
✔ errorV2 response format matches API spec (0.246015ms)
✔ valid booking statuses (0.238055ms)
✔ valid order statuses (0.227784ms)
✔ valid payment statuses (0.211114ms)
✔ isReusableCheckoutPayment only allows pending-like statuses (0.237315ms)
✔ findReusableCheckoutPayment picks reusable payment from latest-first list (0.304476ms)
✔ findReusableCheckoutPayment rejects non-reusable or malformed payments (0.239285ms)
✔ checkout requires valid bookingId (0.164063ms)
✔ valid payment providers (0.203784ms)
✔ generateMerchantTradeNo creates valid trade number (0.274736ms)
ℹ tests 55
ℹ suites 0
ℹ pass 55
ℹ fail 0
ℹ cancelled 0
ℹ skipped 0
ℹ todo 0
ℹ duration_ms 384.814533
